----------------------------------------------------------------
2013-12-28 08:20:49.818 GMT:
 Booting Derby version The Apache Software Foundation - Apache Derby - 10.4.2.0 - (689064): instance a816c00e-0143-384a-97e3-00002feb09f0
on database directory /home/ocdc/app/hubei/hbll/tas_userprefer/TempStatsStore  

Database Class Loader started - derby.database.classpath=''

2013-12-28 08:20:50.464 GMT:
Shutting down instance a816c00e-0143-384a-97e3-00002feb09f0
----------------------------------------------------------------
----------------------------------------------------------------
2013-12-28 08:30:22.112 GMT:
 Booting Derby version The Apache Software Foundation - Apache Derby - 10.4.2.0 - (689064): instance 08264012-0143-384a-97e3-00002feb09f0
on database directory /home/ocdc/app/hubei/hbll/tas_userprefer/TempStatsStore  

Database Class Loader started - derby.database.classpath=''

2013-12-28 08:30:22.298 GMT:
Shutting down instance 08264012-0143-384a-97e3-00002feb09f0
----------------------------------------------------------------
----------------------------------------------------------------
2013-12-28 08:45:30.283 GMT:
 Booting Derby version The Apache Software Foundation - Apache Derby - 10.4.2.0 - (689064): instance 6839c016-0143-384a-97e3-00002feb09f0
on database directory /home/ocdc/app/hubei/hbll/tas_userprefer/TempStatsStore  

Database Class Loader started - derby.database.classpath=''

2013-12-28 08:45:31.791 GMT:
Shutting down instance 6839c016-0143-384a-97e3-00002feb09f0
----------------------------------------------------------------
